<?xml version="1.0" encoding="UTF-8"?>
<!-- Generated by org.testng.reporters.JUnitReportReporter -->
<testsuite hostname="DESKTOP-C7858AT" failures="0" tests="5" name="TestNG.Report_Call1" time="0.054" errors="0" timestamp="2023-09-04T12:18:38 IST" skipped="0">
  <testcase classname="TestNG.Report_Call1" name="Test_Class1" time="0.032">
    <system-out>
      <![CDATA[Running Test_Class_1]]>
    </system-out>
  </testcase> <!-- Test_Class1 -->
  <testcase classname="TestNG.Report_Call1" name="Test_Class5" time="0.008"/>
  <testcase classname="TestNG.Report_Call1" name="Test_Class3" time="0.002">
    <system-out>
      <![CDATA[Running Test_Class_3]]>
    </system-out>
  </testcase> <!-- Test_Class3 -->
  <testcase classname="TestNG.Report_Call1" name="Test_Class2" time="0.007">
    <system-out>
      <![CDATA[Running Test_Class_2]]>
    </system-out>
  </testcase> <!-- Test_Class2 -->
  <testcase classname="TestNG.Report_Call1" name="Test_Class4" time="0.005">
    <system-out>
      <![CDATA[Running Test_Class_4]]>
    </system-out>
  </testcase> <!-- Test_Class4 -->
  <system-out>
    <![CDATA[Running Test_Class_1
Running Test_Class_2
Running Test_Class_3
Running Test_Class_4]]>
  </system-out>
</testsuite> <!-- TestNG.Report_Call1 -->
