<?xml version="1.0" encoding="UTF-8"?>
<!-- Generated by org.testng.reporters.JUnitReportReporter -->
<testsuite hostname="DESKTOP-C7858AT" failures="0" tests="3" name="TestNG_Keywords.Priority2" time="0.022" errors="0" timestamp="2023-09-05T10:00:29 IST" skipped="0">
  <testcase classname="TestNG_Keywords.Priority2" name="Test_Case3" time="0.015">
    <system-out>
      <![CDATA[Running Test Case 3]]>
    </system-out>
  </testcase> <!-- Test_Case3 -->
  <testcase classname="TestNG_Keywords.Priority2" name="Test_Case2" time="0.004">
    <system-out>
      <![CDATA[Running Test Case 2]]>
    </system-out>
  </testcase> <!-- Test_Case2 -->
  <testcase classname="TestNG_Keywords.Priority2" name="Test_Case1" time="0.003">
    <system-out>
      <![CDATA[Running Test Case 1]]>
    </system-out>
  </testcase> <!-- Test_Case1 -->
  <system-out>
    <![CDATA[Running Test Case 3
Running Test Case 2
Running Test Case 1]]>
  </system-out>
</testsuite> <!-- TestNG_Keywords.Priority2 -->
