<?xml version="1.0" encoding="UTF-8"?>
<!-- Generated by org.testng.reporters.JUnitReportReporter -->
<testsuite hostname="DESKTOP-C7858AT" failures="0" tests="3" name="Disable_Test_Cases.Disable2" time="0.035" errors="0" timestamp="2023-09-07T18:23:58 IST" skipped="1">
  <testcase classname="Disable_Test_Cases.Disable2" name="Test_Case1" time="0.029">
    <system-out>
      <![CDATA[Running Method Test Case 1]]>
    </system-out>
  </testcase> <!-- Test_Case1 -->
  <testcase classname="Disable_Test_Cases.Disable2" name="Test_Case3" time="0.006">
    <system-out>
      <![CDATA[Running Method Test Case 3]]>
    </system-out>
  </testcase> <!-- Test_Case3 -->
  <testcase classname="Disable_Test_Cases.Disable2" name="Test_Case4">
    <skipped/>
  </testcase> <!-- Test_Case4 -->
  <system-out>
    <![CDATA[Running Method Test Case 1
Running Method Test Case 3
Running Method Test Case 1
Running Method Test Case 5]]>
  </system-out>
</testsuite> <!-- Disable_Test_Cases.Disable2 -->
