<?xml version="1.0" encoding="UTF-8"?>
<!-- Generated by org.testng.reporters.JUnitReportReporter -->
<testsuite hostname="DESKTOP-C7858AT" failures="0" tests="1" name="TestNG2.Class_Four" time="0.016" errors="0" timestamp="2023-09-09T23:02:50 IST" skipped="0">
  <testcase classname="TestNG2.Class_Four" name="Test_Case1" time="0.016">
    <system-out>
      <![CDATA[Running Method Class Four Test_Case1]]>
    </system-out>
  </testcase> <!-- Test_Case1 -->
  <system-out>
    <![CDATA[Running Before Suite anotation from class three
Running Before Test Annotation from class Two
Running Method Class Five Test_Case1
Running Method Class One Test_Case1
Running Method Class Two Test_Case1
Running After Test Annotation from class Two
Running Before Test Annotation from class Four
Running Method Class Four Test_Case1
Running Method Class Three Test_Case1
Running Method Class Six Test_Case1
Running After Test Annotation from class Four
Running After Suite anotation from class three]]>
  </system-out>
</testsuite> <!-- TestNG2.Class_Four -->
