<?xml version="1.0" encoding="UTF-8"?>
<!-- Generated by org.testng.reporters.JUnitReportReporter -->
<testsuite hostname="DESKTOP-C7858AT" failures="0" tests="3" name="TestNG_Keywords.Enable_Keyword" time="0.079" errors="0" timestamp="2023-09-05T16:02:25 IST" skipped="1">
  <testcase classname="TestNG_Keywords.Enable_Keyword" name="Test_Case3" time="0.007">
    <system-out>
      <![CDATA[Running Test Case 3]]>
    </system-out>
  </testcase> <!-- Test_Case3 -->
  <testcase classname="TestNG_Keywords.Enable_Keyword" name="Test_Case1" time="0.072">
    <system-out>
      <![CDATA[Running Test Case 1]]>
    </system-out>
  </testcase> <!-- Test_Case1 -->
  <testcase classname="TestNG_Keywords.Enable_Keyword" name="Test_Case2">
    <skipped/>
  </testcase> <!-- Test_Case2 -->
  <system-out>
    <![CDATA[Running Test Case 1
Running Test Case 3]]>
  </system-out>
</testsuite> <!-- TestNG_Keywords.Enable_Keyword -->
