<?xml version="1.0" encoding="UTF-8"?>
<!-- Generated by org.testng.reporters.JUnitReportReporter -->
<testsuite hostname="DESKTOP-C7858AT" failures="0" tests="4" name="Groupping_Test_Classes.Grouping1" time="0.049" errors="0" timestamp="2023-09-08T13:26:36 IST" skipped="0">
  <testcase classname="Groupping_Test_Classes.Grouping1" name="Test_Case6" time="0.004">
    <system-out>
      <![CDATA[Running Method Change Password Test_Case 6]]>
    </system-out>
  </testcase> <!-- Test_Case6 -->
  <testcase classname="Groupping_Test_Classes.Grouping1" name="Test_Case4" time="0.004">
    <system-out>
      <![CDATA[Running Method Registration Test_Case 4]]>
    </system-out>
  </testcase> <!-- Test_Case4 -->
  <testcase classname="Groupping_Test_Classes.Grouping1" name="Test_Case3" time="0.035">
    <system-out>
      <![CDATA[Running Method Registration Test_Case 3]]>
    </system-out>
  </testcase> <!-- Test_Case3 -->
  <testcase classname="Groupping_Test_Classes.Grouping1" name="Test_Case7" time="0.006">
    <system-out>
      <![CDATA[Running Method Change Password Test_Case 7]]>
    </system-out>
  </testcase> <!-- Test_Case7 -->
  <system-out>
    <![CDATA[Running Method Registration Test_Case 3
Running Method Registration Test_Case 4
Running Method Change Password Test_Case 6
Running Method Change Password Test_Case 7]]>
  </system-out>
</testsuite> <!-- Groupping_Test_Classes.Grouping1 -->
