<?xml version="1.0" encoding="UTF-8"?>
<!-- Generated by org.testng.reporters.JUnitReportReporter -->
<testsuite hostname="DESKTOP-C7858AT" failures="0" tests="6" name="TestNG_Keywords.Priority6" time="0.040" errors="0" timestamp="2023-09-05T10:08:49 IST" skipped="0">
  <testcase classname="TestNG_Keywords.Priority6" name="Test_Case6" time="0.018">
    <system-out>
      <![CDATA[Running Test Case 6]]>
    </system-out>
  </testcase> <!-- Test_Case6 -->
  <testcase classname="TestNG_Keywords.Priority6" name="Test_Case5" time="0.005">
    <system-out>
      <![CDATA[Running Test Case 5]]>
    </system-out>
  </testcase> <!-- Test_Case5 -->
  <testcase classname="TestNG_Keywords.Priority6" name="Test_Case4" time="0.002">
    <system-out>
      <![CDATA[Running Test Case 4]]>
    </system-out>
  </testcase> <!-- Test_Case4 -->
  <testcase classname="TestNG_Keywords.Priority6" name="Test_Case3" time="0.006">
    <system-out>
      <![CDATA[Running Test Case 3]]>
    </system-out>
  </testcase> <!-- Test_Case3 -->
  <testcase classname="TestNG_Keywords.Priority6" name="Test_Case2" time="0.005">
    <system-out>
      <![CDATA[Running Test Case 2]]>
    </system-out>
  </testcase> <!-- Test_Case2 -->
  <testcase classname="TestNG_Keywords.Priority6" name="Test_Case1" time="0.004">
    <system-out>
      <![CDATA[Running Test Case 1]]>
    </system-out>
  </testcase> <!-- Test_Case1 -->
  <system-out>
    <![CDATA[Running Test Case 6
Running Test Case 5
Running Test Case 4
Running Test Case 2
Running Test Case 3
Running Test Case 1]]>
  </system-out>
</testsuite> <!-- TestNG_Keywords.Priority6 -->
