<?xml version="1.0" encoding="UTF-8"?>
<!-- Generated by org.testng.reporters.JUnitReportReporter -->
<testsuite hostname="DESKTOP-C7858AT" failures="0" tests="2" name="Annotations.Annoations2" time="0.023" errors="0" timestamp="2023-09-08T15:06:49 IST" skipped="0">
  <testcase classname="Annotations.Annoations2" name="SearchHotel" time="0.009">
    <system-out>
      <![CDATA[Running Method TC1: Search Hotel]]>
    </system-out>
  </testcase> <!-- SearchHotel -->
  <testcase classname="Annotations.Annoations2" name="ChangePassword" time="0.014">
    <system-out>
      <![CDATA[Running Method TC2: Change Password]]>
    </system-out>
  </testcase> <!-- ChangePassword -->
  <system-out>
    <![CDATA[Open Browser
Login TO App
Running Method TC2: Change Password
Logout from App
Login TO App
Running Method TC1: Search Hotel
Logout from App
Close Browser]]>
  </system-out>
</testsuite> <!-- Annotations.Annoations2 -->
