<?xml version="1.0" encoding="UTF-8"?>
<!-- Generated by org.testng.reporters.JUnitReportReporter -->
<testsuite hostname="DESKTOP-C7858AT" failures="0" tests="2" name="Test_Suit.Test1" time="0.023" errors="0" timestamp="2023-09-07T17:41:22 IST" skipped="0">
  <testcase classname="Test_Suit.Test1" name="Test_Case1" time="0.020">
    <system-out>
      <![CDATA[Running Method Test Case 1]]>
    </system-out>
  </testcase> <!-- Test_Case1 -->
  <testcase classname="Test_Suit.Test1" name="Test_Case2" time="0.003">
    <system-out>
      <![CDATA[Running Method Test Case 2]]>
    </system-out>
  </testcase> <!-- Test_Case2 -->
  <system-out>
    <![CDATA[Running Method Test Case 1
Running Method Test Case 2
Running Method Test Case 5
Running Method Test Case 3]]>
  </system-out>
</testsuite> <!-- Test_Suit.Test1 -->
