<?xml version="1.0" encoding="UTF-8"?>
<!-- Generated by org.testng.reporters.JUnitReportReporter -->
<testsuite hostname="DESKTOP-C7858AT" failures="0" tests="5" name="TestNG_Keywords.Priority5" time="0.041" errors="0" timestamp="2023-09-05T10:06:53 IST" skipped="0">
  <testcase classname="TestNG_Keywords.Priority5" name="Test_Case5" time="0.026">
    <system-out>
      <![CDATA[Running Test Case 5]]>
    </system-out>
  </testcase> <!-- Test_Case5 -->
  <testcase classname="TestNG_Keywords.Priority5" name="Test_Case4" time="0.002">
    <system-out>
      <![CDATA[Running Test Case 4]]>
    </system-out>
  </testcase> <!-- Test_Case4 -->
  <testcase classname="TestNG_Keywords.Priority5" name="Test_Case2" time="0.003">
    <system-out>
      <![CDATA[Running Test Case 2]]>
    </system-out>
  </testcase> <!-- Test_Case2 -->
  <testcase classname="TestNG_Keywords.Priority5" name="Test_Case3" time="0.007">
    <system-out>
      <![CDATA[Running Test Case 3]]>
    </system-out>
  </testcase> <!-- Test_Case3 -->
  <testcase classname="TestNG_Keywords.Priority5" name="Test_Case1" time="0.003">
    <system-out>
      <![CDATA[Running Test Case 1]]>
    </system-out>
  </testcase> <!-- Test_Case1 -->
  <system-out>
    <![CDATA[Running Test Case 5
Running Test Case 4
Running Test Case 2
Running Test Case 3
Running Test Case 1]]>
  </system-out>
</testsuite> <!-- TestNG_Keywords.Priority5 -->
