<?xml version="1.0" encoding="UTF-8"?>
<!-- Generated by org.testng.reporters.JUnitReportReporter -->
<testsuite hostname="DESKTOP-C7858AT" failures="0" tests="3" name="Annotations.Annotations3" time="0.046" errors="0" timestamp="2023-09-08T16:27:30 IST" skipped="0">
  <testcase classname="Annotations.Annotations3" name="ChangePassword" time="0.025">
    <system-out>
      <![CDATA[Running Method Test Case: Change Password]]>
    </system-out>
  </testcase> <!-- ChangePassword -->
  <testcase classname="Annotations.Annotations3" name="SearchHotel" time="0.014">
    <system-out>
      <![CDATA[Running Method Test Case: Search Hotel]]>
    </system-out>
  </testcase> <!-- SearchHotel -->
  <testcase classname="Annotations.Annotations3" name="BookingRoom" time="0.007">
    <system-out>
      <![CDATA[Running Method Test Case: BookingRoom]]>
    </system-out>
  </testcase> <!-- BookingRoom -->
  <system-out>
    <![CDATA[Open Browser
Login TO App
Running Method Test Case: Change Password
Logout from App
Login TO App
Running Method Test Case: Search Hotel
Logout from App
Login TO App
Running Method Test Case: BookingRoom
Logout from App
Close Browser]]>
  </system-out>
</testsuite> <!-- Annotations.Annotations3 -->
