<?xml version="1.0" encoding="UTF-8"?>
<!-- Generated by org.testng.reporters.JUnitReportReporter -->
<testsuite hostname="DESKTOP-C7858AT" failures="0" tests="4" name="Annotations.DataProvider2" time="0.027" errors="0" timestamp="2023-09-09T23:40:39 IST" skipped="0">
  <testcase classname="Annotations.DataProvider2" name="Userlogin" time="0.004">
    <system-out>
      <![CDATA[CustomerName:Gauri Password:689524 Gadget:Iphone]]>
    </system-out>
  </testcase> <!-- Userlogin -->
  <testcase classname="Annotations.DataProvider2" name="Userlogin" time="0.007">
    <system-out>
      <![CDATA[CustomerName:Niketan Password:Nick94 Gadget:Ipad]]>
    </system-out>
  </testcase> <!-- Userlogin -->
  <testcase classname="Annotations.DataProvider2" name="Userlogin" time="0.013">
    <system-out>
      <![CDATA[CustomerName:Amit Password:Amit95 Gadget:SmartPhone]]>
    </system-out>
  </testcase> <!-- Userlogin -->
  <testcase classname="Annotations.DataProvider2" name="Userlogin" time="0.003">
    <system-out>
      <![CDATA[CustomerName:Arpit Password:Arpit97 Gadget:MacOs]]>
    </system-out>
  </testcase> <!-- Userlogin -->
  <system-out>
    <![CDATA[CustomerName:Amit Password:Amit95 Gadget:SmartPhone
CustomerName:Arpit Password:Arpit97 Gadget:MacOs
CustomerName:Gauri Password:689524 Gadget:Iphone
CustomerName:Niketan Password:Nick94 Gadget:Ipad]]>
  </system-out>
</testsuite> <!-- Annotations.DataProvider2 -->
