<?xml version="1.0" encoding="UTF-8"?>
<!-- Generated by org.testng.reporters.JUnitReportReporter -->
<testsuite hostname="DESKTOP-C7858AT" failures="0" tests="1" name="Parallel_Testing.Parallel3" time="46.461" errors="0" timestamp="2023-09-24T13:01:48 IST" skipped="0">
  <testcase classname="Parallel_Testing.Parallel3" name="OpenFacebook" time="46.461"/>
</testsuite> <!-- Parallel_Testing.Parallel3 -->
