<?xml version="1.0" encoding="UTF-8"?>
<!-- Generated by org.testng.reporters.JUnitReportReporter -->
<testsuite hostname="DESKTOP-C7858AT" failures="0" tests="2" name="TestNG_Keywords.DependsOnMethod_pass" time="0.047" errors="0" timestamp="2023-09-08T16:27:11 IST" skipped="0">
  <testcase classname="TestNG_Keywords.DependsOnMethod_pass" name="Logout" time="0.007">
    <system-out>
      <![CDATA[Logout from App]]>
    </system-out>
  </testcase> <!-- Logout -->
  <testcase classname="TestNG_Keywords.DependsOnMethod_pass" name="Login" time="0.040">
    <system-out>
      <![CDATA[Login To App]]>
    </system-out>
  </testcase> <!-- Login -->
  <system-out>
    <![CDATA[Login To App
Logout from App]]>
  </system-out>
</testsuite> <!-- TestNG_Keywords.DependsOnMethod_pass -->
