<?xml version="1.0" encoding="UTF-8"?>
<!-- Generated by org.testng.reporters.JUnitReportReporter -->
<testsuite hostname="DESKTOP-C7858AT" failures="0" tests="3" name="Pom_DDF_TestNG_BaseClass_UtilityClass.Adactin_Testing" time="37.896" errors="0" timestamp="2023-09-18T13:48:18 IST" skipped="0">
  <testcase classname="Pom_DDF_TestNG_BaseClass_UtilityClass.Adactin_Testing" name="VerifyUserName" time="11.317"/>
  <testcase classname="Pom_DDF_TestNG_BaseClass_UtilityClass.Adactin_Testing" name="GetTitleofApp" time="13.527"/>
  <testcase classname="Pom_DDF_TestNG_BaseClass_UtilityClass.Adactin_Testing" name="BookAHotel" time="13.052"/>
</testsuite> <!-- Pom_DDF_TestNG_BaseClass_UtilityClass.Adactin_Testing -->
