<?xml version="1.0" encoding="UTF-8"?>
<!-- Generated by org.testng.reporters.JUnitReportReporter -->
<testsuite hostname="DESKTOP-C7858AT" failures="0" tests="2" name="TestNG_Keywords.priority1" time="0.060" errors="0" timestamp="2023-09-05T09:56:07 IST" skipped="0">
  <testcase classname="TestNG_Keywords.priority1" name="Test_Case2" time="0.048">
    <system-out>
      <![CDATA[Executed Test Case 2]]>
    </system-out>
  </testcase> <!-- Test_Case2 -->
  <testcase classname="TestNG_Keywords.priority1" name="Test_Case1" time="0.012">
    <system-out>
      <![CDATA[Executed Test Case 1]]>
    </system-out>
  </testcase> <!-- Test_Case1 -->
  <system-out>
    <![CDATA[Executed Test Case 2
Executed Test Case 1]]>
  </system-out>
</testsuite> <!-- TestNG_Keywords.priority1 -->
