<?xml version="1.0" encoding="UTF-8"?>
<!-- Generated by org.testng.reporters.JUnitReportReporter -->
<testsuite hostname="DESKTOP-C7858AT" failures="0" tests="1" name="Annotations.Annotations1" time="0.017" errors="0" timestamp="2023-09-08T15:05:33 IST" skipped="0">
  <testcase classname="Annotations.Annotations1" name="SearchHotel" time="0.017">
    <system-out>
      <![CDATA[Running Method TC1: Search Hotel]]>
    </system-out>
  </testcase> <!-- SearchHotel -->
  <system-out>
    <![CDATA[Open Browser
Login TO App
Running Method TC1: Search Hotel
Logout from App
Close Browser]]>
  </system-out>
</testsuite> <!-- Annotations.Annotations1 -->
