<?xml version="1.0" encoding="UTF-8"?>
<!-- Generated by org.testng.reporters.JUnitReportReporter -->
<testsuite hostname="DESKTOP-C7858AT" failures="0" tests="1" name="Annotations.Parameter_Annotation" time="22.705" errors="0" timestamp="2023-09-09T23:15:32 IST" skipped="0">
  <testcase classname="Annotations.Parameter_Annotation" name="browser" time="22.705"/>
</testsuite> <!-- Annotations.Parameter_Annotation -->
