<?xml version="1.0" encoding="UTF-8"?>
<!-- Generated by org.testng.reporters.JUnitReportReporter -->
<testsuite hostname="DESKTOP-C7858AT" failures="0" tests="3" name="Annotations.DataProvider_Annotation" time="0.043" errors="0" timestamp="2023-09-09T23:20:36 IST" skipped="0">
  <testcase classname="Annotations.DataProvider_Annotation" name="Login" time="0.014"/>
  <testcase classname="Annotations.DataProvider_Annotation" name="Login" time="0.007"/>
  <testcase classname="Annotations.DataProvider_Annotation" name="Login" time="0.022"/>
</testsuite> <!-- Annotations.DataProvider_Annotation -->
