<?xml version="1.0" encoding="UTF-8"?>
<!-- Generated by org.testng.reporters.JUnitReportReporter -->
<testsuite hostname="DESKTOP-C7858AT" failures="0" tests="3" name="Disable_Test_Cases.Disable1" time="0.008" errors="0" timestamp="2023-09-07T18:23:58 IST" skipped="1">
  <testcase classname="Disable_Test_Cases.Disable1" name="Test_Case5" time="0.006">
    <system-out>
      <![CDATA[Running Method Test Case 5]]>
    </system-out>
  </testcase> <!-- Test_Case5 -->
  <testcase classname="Disable_Test_Cases.Disable1" name="Test_Case1" time="0.002">
    <system-out>
      <![CDATA[Running Method Test Case 1]]>
    </system-out>
  </testcase> <!-- Test_Case1 -->
  <testcase classname="Disable_Test_Cases.Disable1" name="Test_Case2">
    <skipped/>
  </testcase> <!-- Test_Case2 -->
  <system-out>
    <![CDATA[Running Method Test Case 1
Running Method Test Case 3
Running Method Test Case 1
Running Method Test Case 5]]>
  </system-out>
</testsuite> <!-- Disable_Test_Cases.Disable1 -->
