<?xml version="1.0" encoding="UTF-8"?>
<!-- Generated by org.testng.reporters.JUnitReportReporter -->
<testsuite hostname="DESKTOP-C7858AT" failures="0" tests="5" name="TestNG_Keywords.Keyword_invoccationCount" time="0.160" errors="0" timestamp="2023-09-05T09:52:23 IST" skipped="0">
  <testcase classname="TestNG_Keywords.Keyword_invoccationCount" name="Test_Case1" time="0.071">
    <system-out>
      <![CDATA[Execute Test Case 1]]>
    </system-out>
  </testcase> <!-- Test_Case1 -->
  <testcase classname="TestNG_Keywords.Keyword_invoccationCount" name="Test_Case1" time="0.008">
    <system-out>
      <![CDATA[Execute Test Case 1]]>
    </system-out>
  </testcase> <!-- Test_Case1 -->
  <testcase classname="TestNG_Keywords.Keyword_invoccationCount" name="Test_Case1" time="0.012">
    <system-out>
      <![CDATA[Execute Test Case 1]]>
    </system-out>
  </testcase> <!-- Test_Case1 -->
  <testcase classname="TestNG_Keywords.Keyword_invoccationCount" name="Test_Case1" time="0.013">
    <system-out>
      <![CDATA[Execute Test Case 1]]>
    </system-out>
  </testcase> <!-- Test_Case1 -->
  <testcase classname="TestNG_Keywords.Keyword_invoccationCount" name="Test_Case1" time="0.056">
    <system-out>
      <![CDATA[Execute Test Case 1]]>
    </system-out>
  </testcase> <!-- Test_Case1 -->
  <system-out>
    <![CDATA[Execute Test Case 1
Execute Test Case 1
Execute Test Case 1
Execute Test Case 1
Execute Test Case 1]]>
  </system-out>
</testsuite> <!-- TestNG_Keywords.Keyword_invoccationCount -->
