<?xml version="1.0" encoding="UTF-8"?>
<!-- Generated by org.testng.reporters.JUnitReportReporter -->
<testsuite hostname="DESKTOP-C7858AT" failures="0" tests="4" name="TestNG_Keywords.Priority3" time="0.037" errors="0" timestamp="2023-09-05T10:02:14 IST" skipped="0">
  <testcase classname="TestNG_Keywords.Priority3" name="Test_Case4" time="0.005">
    <system-out>
      <![CDATA[Running Test Case 4]]>
    </system-out>
  </testcase> <!-- Test_Case4 -->
  <testcase classname="TestNG_Keywords.Priority3" name="Test_Case3" time="0.020">
    <system-out>
      <![CDATA[Running Test Case 3]]>
    </system-out>
  </testcase> <!-- Test_Case3 -->
  <testcase classname="TestNG_Keywords.Priority3" name="Test_Case2" time="0.005">
    <system-out>
      <![CDATA[Running Test Case 2]]>
    </system-out>
  </testcase> <!-- Test_Case2 -->
  <testcase classname="TestNG_Keywords.Priority3" name="Test_Case1" time="0.007">
    <system-out>
      <![CDATA[Running Test Case 1]]>
    </system-out>
  </testcase> <!-- Test_Case1 -->
  <system-out>
    <![CDATA[Running Test Case 3
Running Test Case 4
Running Test Case 2
Running Test Case 1]]>
  </system-out>
</testsuite> <!-- TestNG_Keywords.Priority3 -->
