<?xml version="1.0" encoding="UTF-8"?>
<!-- Generated by org.testng.reporters.JUnitReportReporter -->
<testsuite hostname="DESKTOP-C7858AT" failures="0" tests="3" name="Module1_Testing.Adactin_Testing" time="23.928" errors="0" timestamp="2023-09-18T18:54:40 IST" skipped="0">
  <testcase classname="Module1_Testing.Adactin_Testing" name="VerifyUserName" time="7.447"/>
  <testcase classname="Module1_Testing.Adactin_Testing" name="GetTitleofApp" time="5.631"/>
  <testcase classname="Module1_Testing.Adactin_Testing" name="BookAHotel" time="10.850"/>
</testsuite> <!-- Module1_Testing.Adactin_Testing -->
