<?xml version="1.0" encoding="UTF-8"?>
<!-- Generated by org.testng.reporters.JUnitReportReporter -->
<testsuite hostname="DESKTOP-C7858AT" failures="0" tests="5" name="Module1.Test_ExtentReport" time="0.075" errors="0" timestamp="2023-09-29T14:14:37 IST" skipped="0">
  <testcase classname="Module1.Test_ExtentReport" name="f4" time="0.005"/>
  <testcase classname="Module1.Test_ExtentReport" name="f2" time="0.009"/>
  <testcase classname="Module1.Test_ExtentReport" name="f3" time="0.004"/>
  <testcase classname="Module1.Test_ExtentReport" name="f5" time="0.006"/>
  <testcase classname="Module1.Test_ExtentReport" name="f1" time="0.051"/>
</testsuite> <!-- Module1.Test_ExtentReport -->
