<?xml version="1.0" encoding="UTF-8"?>
<!-- Generated by org.testng.reporters.JUnitReportReporter -->
<testsuite hostname="DESKTOP-C7858AT" failures="0" tests="3" name="Module1_Testing.Adactin_Testing" time="20.160" errors="0" timestamp="2023-09-29T14:09:19 IST" skipped="0">
  <testcase classname="Module1_Testing.Adactin_Testing" name="VerifyUserName" time="4.412"/>
  <testcase classname="Module1_Testing.Adactin_Testing" name="GetTitleofApp" time="4.064"/>
  <testcase classname="Module1_Testing.Adactin_Testing" name="BookAHotel" time="11.684"/>
</testsuite> <!-- Module1_Testing.Adactin_Testing -->
