<?xml version="1.0" encoding="UTF-8"?>
<!-- Generated by org.testng.reporters.JUnitReportReporter -->
<testsuite hostname="DESKTOP-C7858AT" failures="0" tests="3" name="Module1_Testing.Adactin_Testing" time="56.743" errors="0" timestamp="2023-09-24T12:57:46 IST" skipped="0">
  <testcase classname="Module1_Testing.Adactin_Testing" name="VerifyUserName" time="11.846"/>
  <testcase classname="Module1_Testing.Adactin_Testing" name="GetTitleofApp" time="13.838"/>
  <testcase classname="Module1_Testing.Adactin_Testing" name="BookAHotel" time="31.059"/>
</testsuite> <!-- Module1_Testing.Adactin_Testing -->
